<?xml version="1.0" encoding="UTF-8"?>
<!-- Generated by org.testng.reporters.JUnitReportReporter -->
<testsuite hostname="saravi" failures="0" tests="2" name="com.bh.iw.testcase.RegisterTest" time="0.019" errors="0" timestamp="15 Jan 2024 07:30:18 GMT" skipped="0">
  <testcase classname="com.bh.iw.testcase.RegisterTest" name="validRegisterTest" time="0.010"/>
  <testcase classname="com.bh.iw.testcase.RegisterTest" name="invalidRegisterTest" time="0.009"/>
</testsuite> <!-- com.bh.iw.testcase.RegisterTest -->
